#
# There is insufficient memory for the Java Runtime Environment to continue.
# Native memory allocation (malloc) failed to allocate 1048576 bytes. Error detail: AllocateHeap
# Possible reasons:
#   The system is out of physical RAM or swap space
#   This process is running with CompressedOops enabled, and the Java Heap may be blocking the growth of the native heap
# Possible solutions:
#   Reduce memory load on the system
#   Increase physical memory or swap space
#   Check if swap backing store is full
#   Decrease Java heap size (-Xmx/-Xms)
#   Decrease number of Java threads
#   Decrease Java thread stack sizes (-Xss)
#   Set larger code cache with -XX:ReservedCodeCacheSize=
#   JVM is running with Zero Based Compressed Oops mode in which the Java heap is
#     placed in the first 32GB address space. The Java Heap base address is the
#     maximum limit for the native heap growth. Please use -XX:HeapBaseMinAddress
#     to set the Java Heap base and to place the Java Heap above 32GB virtual address.
# This output file may be truncated or incomplete.
#
#  Out of Memory Error (allocation.cpp:44), pid=11808, tid=18848
#
# JRE version: Java(TM) SE Runtime Environment (24.0.1+9) (build 24.0.1+9-30)
# Java VM: Java HotSpot(TM) 64-Bit Server VM (24.0.1+9-30, mixed mode, emulated-client, sharing, tiered, compressed oops, compressed class ptrs, g1 gc, windows-amd64)
# No core dump will be written. Minidumps are not enabled by default on client versions of Windows
#

---------------  S U M M A R Y ------------

Command Line: -XX:TieredStopAtLevel=1 com.example.Application

Host: 11th Gen Intel(R) Core(TM) i5-1135G7 @ 2.40GHz, 8 cores, 15G,  Windows 11 , 64 bit Build 26100 (10.0.26100.4202)
Time: Tue Jun 24 15:41:39 2025 India Standard Time elapsed time: 6237.727557 seconds (0d 1h 43m 57s)

---------------  T H R E A D  ---------------

Current thread (0x000001794c0094b0):  VMThread "VM Thread"          [id=18848, stack(0x00000076e0300000,0x00000076e0400000) (1024K)]

Stack: [0x00000076e0300000,0x00000076e0400000]
Native frames: (J=compiled Java code, j=interpreted, Vv=VM code, C=native code)
V  [jvm.dll+0x730739]  (no source info available)
V  [jvm.dll+0x8d9b23]  (no source info available)
V  [jvm.dll+0x8dc00d]  (no source info available)
V  [jvm.dll+0x8dc683]  (no source info available)
V  [jvm.dll+0x2aa086]  (no source info available)
V  [jvm.dll+0xbe9d7]  (no source info available)
V  [jvm.dll+0x37a98e]  (no source info available)
V  [jvm.dll+0x375949]  (no source info available)
V  [jvm.dll+0x35cbd2]  (no source info available)
V  [jvm.dll+0x3a85c4]  (no source info available)
V  [jvm.dll+0x8e2742]  (no source info available)
V  [jvm.dll+0x8e3a8c]  (no source info available)
V  [jvm.dll+0x8e3ff8]  (no source info available)
V  [jvm.dll+0x8e4293]  (no source info available)
V  [jvm.dll+0x87d76b]  (no source info available)
V  [jvm.dll+0x72ee55]  (no source info available)
C  [ucrtbase.dll+0x37b0]  (no source info available)
C  [KERNEL32.DLL+0x2e8d7]  (no source info available)
C  [ntdll.dll+0x3c34c]  (no source info available)

VM_Operation (0x00000076dfbff270): G1CollectFull, mode: safepoint, requested by thread 0x000001794c701520


---------------  P R O C E S S  ---------------

Threads class SMR info:
_java_thread_list=0x0000017951007530, length=22, elements={
0x000001794c017aa0, 0x000001794c01a1f0, 0x000001794c01ad20, 0x000001794c01c190,
0x000001794c01ccc0, 0x000001794c01d920, 0x000001794c01f460, 0x000001794c0ac250,
0x000001794c0b51d0, 0x0000017951d4fc20, 0x0000017951d1f830, 0x0000017952d08270,
0x0000017952d02ab0, 0x0000017952d02360, 0x0000017952d01c10, 0x0000017952d03200,
0x0000017952d047f0, 0x0000017952d03950, 0x0000017951d1f0e0, 0x000001794c6ff7e0,
0x000001794c701520, 0x000001794cd45bb0
}

Java Threads: ( => current thread )
  0x000001794c017aa0 JavaThread "Reference Handler"          daemon [_thread_blocked, id=2224, stack(0x00000076e0400000,0x00000076e0500000) (1024K)]
  0x000001794c01a1f0 JavaThread "Finalizer"                  daemon [_thread_blocked, id=21036, stack(0x00000076e0500000,0x00000076e0600000) (1024K)]
  0x000001794c01ad20 JavaThread "Signal Dispatcher"          daemon [_thread_blocked, id=12540, stack(0x00000076e0600000,0x00000076e0700000) (1024K)]
  0x000001794c01c190 JavaThread "Attach Listener"            daemon [_thread_blocked, id=2456, stack(0x00000076e0700000,0x00000076e0800000) (1024K)]
  0x000001794c01ccc0 JavaThread "Service Thread"             daemon [_thread_blocked, id=9904, stack(0x00000076e0800000,0x00000076e0900000) (1024K)]
  0x000001794c01d920 JavaThread "Monitor Deflation Thread"   daemon [_thread_blocked, id=16568, stack(0x00000076e0900000,0x00000076e0a00000) (1024K)]
  0x000001794c01f460 JavaThread "C1 CompilerThread0"         daemon [_thread_blocked, id=12208, stack(0x00000076e0a00000,0x00000076e0b00000) (1024K)]
  0x000001794c0ac250 JavaThread "Notification Thread"        daemon [_thread_blocked, id=15420, stack(0x00000076e0b00000,0x00000076e0c00000) (1024K)]
  0x000001794c0b51d0 JavaThread "Common-Cleaner"             daemon [_thread_blocked, id=13988, stack(0x00000076e0c00000,0x00000076e0d00000) (1024K)]
  0x0000017951d4fc20 JavaThread "mysql-cj-abandoned-connection-cleanup" daemon [_thread_blocked, id=17184, stack(0x00000076e1d00000,0x00000076e1e00000) (1024K)]
  0x0000017951d1f830 JavaThread "Live Reload Server"         daemon [_thread_in_native, id=9828, stack(0x00000076e2300000,0x00000076e2400000) (1024K)]
  0x0000017952d08270 JavaThread "DestroyJavaVM"                     [_thread_blocked, id=11020, stack(0x00000076dfc00000,0x00000076dfd00000) (1024K)]
  0x0000017952d02ab0 JavaThread "File Watcher"               daemon [_thread_blocked, id=12336, stack(0x00000076e0e00000,0x00000076e0f00000) (1024K)]
  0x0000017952d02360 JavaThread "File Watcher"               daemon [_thread_blocked, id=2052, stack(0x00000076e1000000,0x00000076e1100000) (1024K)]
  0x0000017952d01c10 JavaThread "File Watcher"               daemon [_thread_blocked, id=1924, stack(0x00000076e0f00000,0x00000076e1000000) (1024K)]
  0x0000017952d03200 JavaThread "File Watcher"               daemon [_thread_blocked, id=21204, stack(0x00000076e1900000,0x00000076e1a00000) (1024K)]
  0x0000017952d047f0 JavaThread "File Watcher"               daemon [_thread_blocked, id=17516, stack(0x00000076df900000,0x00000076dfa00000) (1024K)]
  0x0000017952d03950 JavaThread "File Watcher"               daemon [_thread_blocked, id=8856, stack(0x00000076dfa00000,0x00000076dfb00000) (1024K)]
  0x0000017951d1f0e0 JavaThread "Catalina-utility-1"                [_thread_blocked, id=2668, stack(0x00000076e1b00000,0x00000076e1c00000) (1024K)]
  0x000001794c6ff7e0 JavaThread "Catalina-utility-2"                [_thread_blocked, id=8096, stack(0x00000076e1c00000,0x00000076e1d00000) (1024K)]
  0x000001794c701520 JavaThread "Thread-45"                         [_thread_blocked, id=17008, stack(0x00000076dfb00000,0x00000076dfc00000) (1024K)]
  0x000001794cd45bb0 JavaThread "C1 CompilerThread1"         daemon [_thread_blocked, id=16380, stack(0x00000076e0d00000,0x00000076e0e00000) (1024K)]
Total: 22

Other Threads:
=>0x000001794c0094b0 VMThread "VM Thread"                           [id=18848, stack(0x00000076e0300000,0x00000076e0400000) (1024K)]
  0x000001790a9dbb70 WatcherThread "VM Periodic Task Thread"        [id=2672, stack(0x00000076e0200000,0x00000076e0300000) (1024K)]
  0x0000017977cf8d40 WorkerThread "GC Thread#0"                     [id=12108, stack(0x00000076dfd00000,0x00000076dfe00000) (1024K)]
  0x00000179511b2720 WorkerThread "GC Thread#1"                     [id=20564, stack(0x00000076e1200000,0x00000076e1300000) (1024K)]
  0x00000179511b2ad0 WorkerThread "GC Thread#2"                     [id=14244, stack(0x00000076e1300000,0x00000076e1400000) (1024K)]
  0x00000179511dffc0 WorkerThread "GC Thread#3"                     [id=17676, stack(0x00000076e1400000,0x00000076e1500000) (1024K)]
  0x00000179511e0780 WorkerThread "GC Thread#4"                     [id=15800, stack(0x00000076e1500000,0x00000076e1600000) (1024K)]
  0x00000179511e1340 WorkerThread "GC Thread#5"                     [id=7908, stack(0x00000076e1600000,0x00000076e1700000) (1024K)]
  0x00000179511e2710 WorkerThread "GC Thread#6"                     [id=5140, stack(0x00000076e1700000,0x00000076e1800000) (1024K)]
  0x00000179511ee130 WorkerThread "GC Thread#7"                     [id=18748, stack(0x00000076e1800000,0x00000076e1900000) (1024K)]
  0x0000017977d0d670 ConcurrentGCThread "G1 Main Marker"            [id=11140, stack(0x00000076dfe00000,0x00000076dff00000) (1024K)]
  0x0000017977d0e090 WorkerThread "G1 Conc#0"                       [id=19980, stack(0x00000076dff00000,0x00000076e0000000) (1024K)]
  0x00000179514bbd70 WorkerThread "G1 Conc#1"                       [id=21336, stack(0x00000076e1100000,0x00000076e1200000) (1024K)]
  0x000001790a88de00 ConcurrentGCThread "G1 Refine#0"               [id=7824, stack(0x00000076e0000000,0x00000076e0100000) (1024K)]
  0x000001790a88e730 ConcurrentGCThread "G1 Service"                [id=4876, stack(0x00000076e0100000,0x00000076e0200000) (1024K)]
Total: 15

Threads with active compile tasks:
Total: 0

VM state: at safepoint (normal execution)

VM Mutex/Monitor currently owned by a thread:  ([mutex/lock_event])
[0x00007ff9a9d744b0] Threads_lock - owner thread: 0x000001794c0094b0
[0x00007ff9a9d745b0] Heap_lock - owner thread: 0x000001794c701520

Heap address: 0x0000000704e00000, size: 4018 MB, Compressed Oops mode: Zero based, Oop shift amount: 3

CDS archive(s) mapped at: [0x000001790b000000-0x000001790bd40000-0x000001790bd40000), size 13893632, SharedBaseAddress: 0x000001790b000000, ArchiveRelocationMode: 1.
Compressed class space mapped at: 0x000001790c000000-0x000001794c000000, reserved size: 1073741824
UseCompressedClassPointers 1, UseCompactObjectHeaders 0
Narrow klass pointer bits 32, Max shift 3
Narrow klass base: 0x000001790b000000, Narrow klass shift: 0
Encoding Range: [0x000001790b000000 - 0x0000017a0b000000), (4294967296 bytes)
Klass Range:    [0x000001790b000000 - 0x000001794c000000), (1090519040 bytes)
Klass ID Range:  [8 - 1090519033) (1090519025)

GC Precious Log:
 CardTable entry size: 512
 Card Set container configuration: InlinePtr #cards 4 size 8 Array Of Cards #cards 16 size 48 Howl #buckets 8 coarsen threshold 3686 Howl Bitmap #cards 512 size 80 coarsen threshold 460 Card regions per heap region 1 cards per card region 4096
 CPUs: 8 total, 8 available
 Memory: 16064M
 Large Page Support: Disabled
 NUMA Support: Disabled
 Compressed Oops: Enabled (Zero based)
 Heap Region Size: 2M
 Heap Min Capacity: 8M
 Heap Initial Capacity: 252M
 Heap Max Capacity: 4018M
 Pre-touch: Disabled
 Parallel Workers: 8
 Concurrent Workers: 2
 Concurrent Refinement Workers: 8
 Periodic GC: Disabled

Heap:
 garbage-first heap   total reserved 4114432K, committed 102400K, used 72227K [0x0000000704e00000, 0x0000000800000000)
  region size 2048K, 22 young (45056K), 1 survivors (2048K)
 Metaspace       used 77742K, committed 79168K, reserved 1179648K
  class space    used 8977K, committed 9600K, reserved 1048576K

Heap Regions: E=young(eden), S=young(survivor), O=old, HS=humongous(starts), HC=humongous(continues), CS=collection set, F=free, TAMS=top-at-mark-start, PB=parsable bottom
|   0|0x0000000704e00000, 0x0000000704fffff8, 0x0000000705000000| 99%| O|  |TAMS 0x0000000704e00000| PB 0x0000000704e00000| Untracked |  0
|   1|0x0000000705000000, 0x00000007051fffb0, 0x0000000705200000| 99%| O|  |TAMS 0x0000000705000000| PB 0x0000000705000000| Untracked |  0
|   2|0x0000000705200000, 0x00000007053ffff8, 0x0000000705400000| 99%| O|  |TAMS 0x0000000705200000| PB 0x0000000705200000| Untracked |  0
|   3|0x0000000705400000, 0x00000007055fffa0, 0x0000000705600000| 99%| O|  |TAMS 0x0000000705400000| PB 0x0000000705400000| Untracked |  0
|   4|0x0000000705600000, 0x00000007057fffe8, 0x0000000705800000| 99%| O|  |TAMS 0x0000000705600000| PB 0x0000000705600000| Untracked |  0
|   5|0x0000000705800000, 0x00000007059ffff8, 0x0000000705a00000| 99%| O|  |TAMS 0x0000000705800000| PB 0x0000000705800000| Untracked |  0
|   6|0x0000000705a00000, 0x0000000705bfbf28, 0x0000000705c00000| 99%| O|  |TAMS 0x0000000705a00000| PB 0x0000000705a00000| Untracked |  0
|   7|0x0000000705c00000, 0x0000000705e00000, 0x0000000705e00000|100%| O|  |TAMS 0x0000000705c00000| PB 0x0000000705c00000| Untracked |  0
|   8|0x0000000705e00000, 0x0000000705e00000, 0x0000000706000000|  0%| F|  |TAMS 0x0000000705e00000| PB 0x0000000705e00000| Untracked |  0
|   9|0x0000000706000000, 0x0000000706000000, 0x0000000706200000|  0%| F|  |TAMS 0x0000000706000000| PB 0x0000000706000000| Untracked |  0
|  10|0x0000000706200000, 0x0000000706400000, 0x0000000706400000|100%| O|  |TAMS 0x0000000706200000| PB 0x0000000706200000| Untracked |  0
|  11|0x0000000706400000, 0x0000000706600000, 0x0000000706600000|100%| O|  |TAMS 0x0000000706400000| PB 0x0000000706400000| Untracked |  0
|  12|0x0000000706600000, 0x0000000706800000, 0x0000000706800000|100%| O|  |TAMS 0x0000000706600000| PB 0x0000000706600000| Untracked |  0
|  13|0x0000000706800000, 0x00000007069d6400, 0x0000000706a00000| 91%| O|  |TAMS 0x0000000706800000| PB 0x0000000706800000| Untracked |  0
|  14|0x0000000706a00000, 0x0000000706c00000, 0x0000000706c00000|100%| O|  |TAMS 0x0000000706a00000| PB 0x0000000706a00000| Untracked |  0
|  15|0x0000000706c00000, 0x0000000706e00000, 0x0000000706e00000|100%| O|  |TAMS 0x0000000706c00000| PB 0x0000000706c00000| Untracked |  0
|  16|0x0000000706e00000, 0x0000000706e00000, 0x0000000707000000|  0%| F|  |TAMS 0x0000000706e00000| PB 0x0000000706e00000| Untracked |  0
|  17|0x0000000707000000, 0x0000000707000000, 0x0000000707200000|  0%| F|  |TAMS 0x0000000707000000| PB 0x0000000707000000| Untracked |  0
|  18|0x0000000707200000, 0x00000007072b6aa8, 0x0000000707400000| 35%| S|CS|TAMS 0x0000000707200000| PB 0x0000000707200000| Complete |  0
|  19|0x0000000707400000, 0x0000000707400000, 0x0000000707600000|  0%| F|  |TAMS 0x0000000707400000| PB 0x0000000707400000| Untracked |  0
|  20|0x0000000707600000, 0x0000000707600000, 0x0000000707800000|  0%| F|  |TAMS 0x0000000707600000| PB 0x0000000707600000| Untracked |  0
|  21|0x0000000707800000, 0x0000000707800000, 0x0000000707a00000|  0%| F|  |TAMS 0x0000000707800000| PB 0x0000000707800000| Untracked |  0
|  22|0x0000000707a00000, 0x0000000707a00000, 0x0000000707c00000|  0%| F|  |TAMS 0x0000000707a00000| PB 0x0000000707a00000| Untracked |  0
|  23|0x0000000707c00000, 0x0000000707c00000, 0x0000000707e00000|  0%| F|  |TAMS 0x0000000707c00000| PB 0x0000000707c00000| Untracked |  0
|  24|0x0000000707e00000, 0x0000000707e00000, 0x0000000708000000|  0%| F|  |TAMS 0x0000000707e00000| PB 0x0000000707e00000| Untracked |  0
|  25|0x0000000708000000, 0x0000000708000000, 0x0000000708200000|  0%| F|  |TAMS 0x0000000708000000| PB 0x0000000708000000| Untracked |  0
|  26|0x0000000708200000, 0x0000000708200000, 0x0000000708400000|  0%| F|  |TAMS 0x0000000708200000| PB 0x0000000708200000| Untracked |  0
|  27|0x0000000708400000, 0x0000000708400000, 0x0000000708600000|  0%| F|  |TAMS 0x0000000708400000| PB 0x0000000708400000| Untracked |  0
|  28|0x0000000708600000, 0x0000000708657ab0, 0x0000000708800000| 17%| E|  |TAMS 0x0000000708600000| PB 0x0000000708600000| Complete |  0
|  29|0x0000000708800000, 0x0000000708a00000, 0x0000000708a00000|100%| E|CS|TAMS 0x0000000708800000| PB 0x0000000708800000| Complete |  0
|  30|0x0000000708a00000, 0x0000000708c00000, 0x0000000708c00000|100%| E|CS|TAMS 0x0000000708a00000| PB 0x0000000708a00000| Complete |  0
|  31|0x0000000708c00000, 0x0000000708e00000, 0x0000000708e00000|100%| E|CS|TAMS 0x0000000708c00000| PB 0x0000000708c00000| Complete |  0
|  32|0x0000000708e00000, 0x0000000709000000, 0x0000000709000000|100%| E|CS|TAMS 0x0000000708e00000| PB 0x0000000708e00000| Complete |  0
|  33|0x0000000709000000, 0x0000000709200000, 0x0000000709200000|100%| E|CS|TAMS 0x0000000709000000| PB 0x0000000709000000| Complete |  0
|  34|0x0000000709200000, 0x0000000709400000, 0x0000000709400000|100%| E|CS|TAMS 0x0000000709200000| PB 0x0000000709200000| Complete |  0
|  35|0x0000000709400000, 0x0000000709600000, 0x0000000709600000|100%| E|CS|TAMS 0x0000000709400000| PB 0x0000000709400000| Complete |  0
|  36|0x0000000709600000, 0x0000000709800000, 0x0000000709800000|100%| E|CS|TAMS 0x0000000709600000| PB 0x0000000709600000| Complete |  0
|  37|0x0000000709800000, 0x0000000709a00000, 0x0000000709a00000|100%| E|CS|TAMS 0x0000000709800000| PB 0x0000000709800000| Complete |  0
|  38|0x0000000709a00000, 0x0000000709c00000, 0x0000000709c00000|100%| E|CS|TAMS 0x0000000709a00000| PB 0x0000000709a00000| Complete |  0
|  39|0x0000000709c00000, 0x0000000709e00000, 0x0000000709e00000|100%| E|CS|TAMS 0x0000000709c00000| PB 0x0000000709c00000| Complete |  0
|  40|0x0000000709e00000, 0x000000070a000000, 0x000000070a000000|100%| E|CS|TAMS 0x0000000709e00000| PB 0x0000000709e00000| Complete |  0
|  41|0x000000070a000000, 0x000000070a200000, 0x000000070a200000|100%| E|CS|TAMS 0x000000070a000000| PB 0x000000070a000000| Complete |  0
|  42|0x000000070a200000, 0x000000070a400000, 0x000000070a400000|100%| E|CS|TAMS 0x000000070a200000| PB 0x000000070a200000| Complete |  0
|  88|0x000000070fe00000, 0x0000000710000000, 0x0000000710000000|100%| E|CS|TAMS 0x000000070fe00000| PB 0x000000070fe00000| Complete |  0
|  89|0x0000000710000000, 0x0000000710200000, 0x0000000710200000|100%| E|CS|TAMS 0x0000000710000000| PB 0x0000000710000000| Complete |  0
|  90|0x0000000710200000, 0x0000000710400000, 0x0000000710400000|100%| E|CS|TAMS 0x0000000710200000| PB 0x0000000710200000| Complete |  0
|  91|0x0000000710400000, 0x0000000710600000, 0x0000000710600000|100%| E|CS|TAMS 0x0000000710400000| PB 0x0000000710400000| Complete |  0
|  92|0x0000000710600000, 0x0000000710800000, 0x0000000710800000|100%| E|CS|TAMS 0x0000000710600000| PB 0x0000000710600000| Complete |  0
|  93|0x0000000710800000, 0x0000000710a00000, 0x0000000710a00000|100%| E|CS|TAMS 0x0000000710800000| PB 0x0000000710800000| Complete |  0
|2006|0x00000007ffa00000, 0x00000007ffc00000, 0x00000007ffc00000|100%| O|  |TAMS 0x00000007ffa00000| PB 0x00000007ffa00000| Untracked |  0

Card table byte_map: [0x000001797b620000,0x000001797be00000] _byte_map_base: 0x0000017977df9000

Marking Bits: (CMBitMap*) 0x0000017977cf9360
 Bits: [0x000001797be00000, 0x000001797fcc8000)

Polling page: 0x0000017975ad0000

Metaspace:

Usage:
  Non-class:     67.15 MB used.
      Class:      8.77 MB used.
       Both:     75.92 MB used.

Virtual space:
  Non-class space:      128.00 MB reserved,      67.94 MB ( 53%) committed,  2 nodes.
      Class space:        1.00 GB reserved,       9.38 MB ( <1%) committed,  1 nodes.
             Both:        1.12 GB reserved,      77.31 MB (  7%) committed. 

Chunk freelists:
   Non-Class:  12.45 MB
       Class:  6.99 MB
        Both:  19.44 MB

MaxMetaspaceSize: unlimited
CompressedClassSpaceSize: 1.00 GB
Initial GC threshold: 21.00 MB
Current GC threshold: 133.06 MB
CDS: on
 - commit_granule_bytes: 65536.
 - commit_granule_words: 8192.
 - virtual_space_node_default_size: 8388608.
 - enlarge_chunks_in_place: 1.
UseCompressedClassPointers 1, UseCompactObjectHeaders 0
Narrow klass pointer bits 32, Max shift 3
Narrow klass base: 0x000001790b000000, Narrow klass shift: 0
Encoding Range: [0x000001790b000000 - 0x0000017a0b000000), (4294967296 bytes)
Klass Range:    [0x000001790b000000 - 0x000001794c000000), (1090519040 bytes)
Klass ID Range:  [8 - 1090519033) (1090519025)


Internal statistics:

num_allocs_failed_limit: 9.
num_arena_births: 1942.
num_arena_deaths: 1068.
num_vsnodes_births: 3.
num_vsnodes_deaths: 0.
num_space_committed: 1281.
num_space_uncommitted: 22.
num_chunks_returned_to_freelist: 1650.
num_chunks_taken_from_freelist: 5489.
num_chunk_merges: 318.
num_chunk_splits: 3406.
num_chunks_enlarged: 2587.
num_inconsistent_stats: 0.

CodeCache: size=49152Kb used=7207Kb max_used=18368Kb free=41944Kb
 bounds [0x0000017977d30000, 0x0000017978f70000, 0x000001797ad30000]
 total_blobs=4449, nmethods=3695, adapters=678, full_count=0
Compilation: enabled, stopped_count=0, restarted_count=0

Compilation events (20 events):
Event: 6236.690 Thread 0x000001794c01f460 nmethod 18358 0x0000017977fe2608 code [0x0000017977fe2720, 0x0000017977fe2818]
Event: 6236.690 Thread 0x000001794c01f460 18360       1       org.springframework.boot.web.embedded.tomcat.TomcatEmbeddedWebappClassLoader::findExistingLoadedClass (28 bytes)
Event: 6236.691 Thread 0x000001794c01f460 nmethod 18360 0x000001797813c988 code [0x000001797813cae0, 0x000001797813cd60]
Event: 6236.691 Thread 0x000001794c01f460 18361       1       org.apache.catalina.loader.WebappClassLoaderBase::findLoadedClass0 (32 bytes)
Event: 6236.691 Thread 0x000001794c01f460 nmethod 18361 0x00000179785cf688 code [0x00000179785cf7c0, 0x00000179785cf9e0]
Event: 6236.691 Thread 0x000001794c01f460 18362       1       org.apache.catalina.loader.WebappClassLoaderBase::binaryNameToPath (52 bytes)
Event: 6236.691 Thread 0x000001794cd45bb0 nmethod 18359 0x0000017978022588 code [0x0000017978022720, 0x0000017978022cc0]
Event: 6236.691 Thread 0x000001794cd45bb0 18363       1       org.springframework.boot.web.embedded.tomcat.TomcatEmbeddedWebappClassLoader::doLoadClass (56 bytes)
Event: 6236.692 Thread 0x000001794c01f460 nmethod 18362 0x000001797881b308 code [0x000001797881b480, 0x000001797881b790]
Event: 6236.692 Thread 0x000001794cd45bb0 nmethod 18363 0x0000017978bc4408 code [0x0000017978bc4560, 0x0000017978bc4888]
Event: 6236.692 Thread 0x000001794c01f460 18364   !   1       org.springframework.boot.web.embedded.tomcat.TomcatEmbeddedWebappClassLoader::loadFromParent (22 bytes)
Event: 6236.692 Thread 0x000001794cd45bb0 18365       1       org.springframework.boot.web.embedded.tomcat.TomcatEmbeddedWebappClassLoader::resolveIfNecessary (11 bytes)
Event: 6236.693 Thread 0x000001794c01f460 nmethod 18364 0x0000017977fe3608 code [0x0000017977fe3740, 0x0000017977fe38c0]
Event: 6236.693 Thread 0x000001794cd45bb0 nmethod 18365 0x0000017977fe8a88 code [0x0000017977fe8ba0, 0x0000017977fe8d10]
Event: 6236.707 Thread 0x000001794cd45bb0 18366       1       org.apache.juli.logging.DirectJDKLog::isDebugEnabled (11 bytes)
Event: 6236.708 Thread 0x000001794cd45bb0 nmethod 18366 0x0000017977ff0808 code [0x0000017977ff0920, 0x0000017977ff0a30]
Event: 6236.715 Thread 0x000001794cd45bb0 18367  s    1       org.apache.catalina.util.LifecycleBase::setStateInternal (144 bytes)
Event: 6236.715 Thread 0x000001794c01f460 18368       1       org.apache.catalina.LifecycleState::getLifecycleEvent (5 bytes)
Event: 6236.715 Thread 0x000001794c01f460 nmethod 18368 0x0000017977ffe488 code [0x0000017977ffe580, 0x0000017977ffe648]
Event: 6236.716 Thread 0x000001794cd45bb0 nmethod 18367 0x0000017977f59a88 code [0x0000017977f59c20, 0x0000017977f5a428]

GC Heap History (20 events):
Event: 3541.143 GC heap after
{Heap after GC invocations=91 (full 6):
 garbage-first heap   total reserved 4114432K, committed 102400K, used 32278K [0x0000000704e00000, 0x0000000800000000)
  region size 2048K, 1 young (2048K), 1 survivors (2048K)
 Metaspace       used 77733K, committed 79168K, reserved 1179648K
  class space    used 8975K, committed 9600K, reserved 1048576K
}
Event: 3661.745 GC heap before
{Heap before GC invocations=91 (full 6):
 garbage-first heap   total reserved 4114432K, committed 102400K, used 91670K [0x0000000704e00000, 0x0000000800000000)
  region size 2048K, 30 young (61440K), 1 survivors (2048K)
 Metaspace       used 77733K, committed 79168K, reserved 1179648K
  class space    used 8975K, committed 9600K, reserved 1048576K
}
Event: 3661.747 GC heap after
{Heap after GC invocations=92 (full 6):
 garbage-first heap   total reserved 4114432K, committed 102400K, used 32252K [0x0000000704e00000, 0x0000000800000000)
  region size 2048K, 1 young (2048K), 1 survivors (2048K)
 Metaspace       used 77733K, committed 79168K, reserved 1179648K
  class space    used 8975K, committed 9600K, reserved 1048576K
}
Event: 3784.208 GC heap before
{Heap before GC invocations=93 (full 6):
 garbage-first heap   total reserved 4114432K, committed 102400K, used 91644K [0x0000000704e00000, 0x0000000800000000)
  region size 2048K, 30 young (61440K), 1 survivors (2048K)
 Metaspace       used 77735K, committed 79168K, reserved 1179648K
  class space    used 8975K, committed 9600K, reserved 1048576K
}
Event: 3784.210 GC heap after
{Heap after GC invocations=94 (full 6):
 garbage-first heap   total reserved 4114432K, committed 102400K, used 32611K [0x0000000704e00000, 0x0000000800000000)
  region size 2048K, 1 young (2048K), 1 survivors (2048K)
 Metaspace       used 77735K, committed 79168K, reserved 1179648K
  class space    used 8975K, committed 9600K, reserved 1048576K
}
Event: 5361.762 GC heap before
{Heap before GC invocations=94 (full 6):
 garbage-first heap   total reserved 4114432K, committed 102400K, used 92003K [0x0000000704e00000, 0x0000000800000000)
  region size 2048K, 30 young (61440K), 1 survivors (2048K)
 Metaspace       used 77735K, committed 79168K, reserved 1179648K
  class space    used 8975K, committed 9600K, reserved 1048576K
}
Event: 5361.772 GC heap after
{Heap after GC invocations=95 (full 6):
 garbage-first heap   total reserved 4114432K, committed 102400K, used 32285K [0x0000000704e00000, 0x0000000800000000)
  region size 2048K, 1 young (2048K), 1 survivors (2048K)
 Metaspace       used 77735K, committed 79168K, reserved 1179648K
  class space    used 8975K, committed 9600K, reserved 1048576K
}
Event: 5482.694 GC heap before
{Heap before GC invocations=95 (full 6):
 garbage-first heap   total reserved 4114432K, committed 102400K, used 91677K [0x0000000704e00000, 0x0000000800000000)
  region size 2048K, 30 young (61440K), 1 survivors (2048K)
 Metaspace       used 77735K, committed 79168K, reserved 1179648K
  class space    used 8975K, committed 9600K, reserved 1048576K
}
Event: 5482.701 GC heap after
{Heap after GC invocations=96 (full 6):
 garbage-first heap   total reserved 4114432K, committed 102400K, used 31863K [0x0000000704e00000, 0x0000000800000000)
  region size 2048K, 1 young (2048K), 1 survivors (2048K)
 Metaspace       used 77735K, committed 79168K, reserved 1179648K
  class space    used 8975K, committed 9600K, reserved 1048576K
}
Event: 5603.356 GC heap before
{Heap before GC invocations=97 (full 6):
 garbage-first heap   total reserved 4114432K, committed 102400K, used 91255K [0x0000000704e00000, 0x0000000800000000)
  region size 2048K, 30 young (61440K), 1 survivors (2048K)
 Metaspace       used 77735K, committed 79168K, reserved 1179648K
  class space    used 8975K, committed 9600K, reserved 1048576K
}
Event: 5603.359 GC heap after
{Heap after GC invocations=98 (full 6):
 garbage-first heap   total reserved 4114432K, committed 102400K, used 31872K [0x0000000704e00000, 0x0000000800000000)
  region size 2048K, 1 young (2048K), 1 survivors (2048K)
 Metaspace       used 77735K, committed 79168K, reserved 1179648K
  class space    used 8975K, committed 9600K, reserved 1048576K
}
Event: 5724.477 GC heap before
{Heap before GC invocations=98 (full 6):
 garbage-first heap   total reserved 4114432K, committed 102400K, used 91264K [0x0000000704e00000, 0x0000000800000000)
  region size 2048K, 30 young (61440K), 1 survivors (2048K)
 Metaspace       used 77735K, committed 79168K, reserved 1179648K
  class space    used 8975K, committed 9600K, reserved 1048576K
}
Event: 5724.489 GC heap after
{Heap after GC invocations=99 (full 6):
 garbage-first heap   total reserved 4114432K, committed 102400K, used 31602K [0x0000000704e00000, 0x0000000800000000)
  region size 2048K, 1 young (2048K), 1 survivors (2048K)
 Metaspace       used 77735K, committed 79168K, reserved 1179648K
  class space    used 8975K, committed 9600K, reserved 1048576K
}
Event: 5912.712 GC heap before
{Heap before GC invocations=99 (full 6):
 garbage-first heap   total reserved 4114432K, committed 102400K, used 90994K [0x0000000704e00000, 0x0000000800000000)
  region size 2048K, 30 young (61440K), 1 survivors (2048K)
 Metaspace       used 77735K, committed 79168K, reserved 1179648K
  class space    used 8975K, committed 9600K, reserved 1048576K
}
Event: 5912.714 GC heap after
{Heap after GC invocations=100 (full 6):
 garbage-first heap   total reserved 4114432K, committed 102400K, used 31526K [0x0000000704e00000, 0x0000000800000000)
  region size 2048K, 1 young (2048K), 1 survivors (2048K)
 Metaspace       used 77735K, committed 79168K, reserved 1179648K
  class space    used 8975K, committed 9600K, reserved 1048576K
}
Event: 6033.427 GC heap before
{Heap before GC invocations=101 (full 6):
 garbage-first heap   total reserved 4114432K, committed 102400K, used 90918K [0x0000000704e00000, 0x0000000800000000)
  region size 2048K, 30 young (61440K), 1 survivors (2048K)
 Metaspace       used 77735K, committed 79168K, reserved 1179648K
  class space    used 8975K, committed 9600K, reserved 1048576K
}
Event: 6033.428 GC heap after
{Heap after GC invocations=102 (full 6):
 garbage-first heap   total reserved 4114432K, committed 102400K, used 31590K [0x0000000704e00000, 0x0000000800000000)
  region size 2048K, 1 young (2048K), 1 survivors (2048K)
 Metaspace       used 77735K, committed 79168K, reserved 1179648K
  class space    used 8975K, committed 9600K, reserved 1048576K
}
Event: 6154.375 GC heap before
{Heap before GC invocations=102 (full 6):
 garbage-first heap   total reserved 4114432K, committed 102400K, used 90982K [0x0000000704e00000, 0x0000000800000000)
  region size 2048K, 30 young (61440K), 1 survivors (2048K)
 Metaspace       used 77735K, committed 79168K, reserved 1179648K
  class space    used 8975K, committed 9600K, reserved 1048576K
}
Event: 6154.379 GC heap after
{Heap after GC invocations=103 (full 6):
 garbage-first heap   total reserved 4114432K, committed 102400K, used 31267K [0x0000000704e00000, 0x0000000800000000)
  region size 2048K, 1 young (2048K), 1 survivors (2048K)
 Metaspace       used 77735K, committed 79168K, reserved 1179648K
  class space    used 8975K, committed 9600K, reserved 1048576K
}
Event: 6236.718 GC heap before
{Heap before GC invocations=103 (full 6):
 garbage-first heap   total reserved 4114432K, committed 102400K, used 72227K [0x0000000704e00000, 0x0000000800000000)
  region size 2048K, 22 young (45056K), 1 survivors (2048K)
 Metaspace       used 77742K, committed 79168K, reserved 1179648K
  class space    used 8977K, committed 9600K, reserved 1048576K
}

Dll operation events (10 events):
Event: 0.010 Loaded shared library C:\Program Files\Java\jdk-24\bin\java.dll
Event: 0.073 Loaded shared library C:\Program Files\Java\jdk-24\bin\net.dll
Event: 0.075 Loaded shared library C:\Program Files\Java\jdk-24\bin\nio.dll
Event: 0.079 Loaded shared library C:\Program Files\Java\jdk-24\bin\zip.dll
Event: 0.148 Loaded shared library C:\Program Files\Java\jdk-24\bin\jimage.dll
Event: 0.316 Loaded shared library C:\Program Files\Java\jdk-24\bin\management.dll
Event: 0.319 Loaded shared library C:\Program Files\Java\jdk-24\bin\management_ext.dll
Event: 1.219 Loaded shared library C:\Program Files\Java\jdk-24\bin\sunmscapi.dll
Event: 2.465 Loaded shared library C:\Program Files\Java\jdk-24\bin\verify.dll
Event: 2.660 Loaded shared library C:\Program Files\Java\jdk-24\bin\extnet.dll

Deoptimization events (20 events):
Event: 420.898 Thread 0x0000017951d06180 DEOPT PACKING pc=0x00000179782ba5b4 sp=0x00000076e1bff0a0
Event: 420.898 Thread 0x0000017951d06180 DEOPT UNPACKING pc=0x0000017977d86642 sp=0x00000076e1bfe500 mode 0
Event: 441.697 Thread 0x0000017952d02360 DEOPT PACKING pc=0x00000179782ba5b4 sp=0x00000076e26ff310
Event: 441.697 Thread 0x0000017952d02360 DEOPT UNPACKING pc=0x0000017977d86642 sp=0x00000076e26fe770 mode 0
Event: 480.712 Thread 0x0000017952d040a0 DEOPT PACKING pc=0x00000179782ba5b4 sp=0x00000076e25ff240
Event: 480.712 Thread 0x0000017952d040a0 DEOPT UNPACKING pc=0x0000017977d86642 sp=0x00000076e25fe6a0 mode 0
Event: 480.712 Thread 0x0000017952d02ab0 DEOPT PACKING pc=0x00000179782ba5b4 sp=0x00000076e28fef50
Event: 480.712 Thread 0x0000017952d02ab0 DEOPT UNPACKING pc=0x0000017977d86642 sp=0x00000076e28fe3b0 mode 0
Event: 480.712 Thread 0x0000017952d047f0 DEOPT PACKING pc=0x00000179782ba5b4 sp=0x00000076e29ff350
Event: 480.712 Thread 0x0000017952d047f0 DEOPT UNPACKING pc=0x0000017977d86642 sp=0x00000076e29fe7b0 mode 0
Event: 480.713 Thread 0x0000017952d06530 DEOPT PACKING pc=0x00000179782ba5b4 sp=0x00000076e2bfed20
Event: 480.713 Thread 0x0000017952d06530 DEOPT UNPACKING pc=0x0000017977d86642 sp=0x00000076e2bfe180 mode 0
Event: 628.968 Thread 0x0000017952d03950 DEOPT PACKING pc=0x00000179782ba5b4 sp=0x00000076e22fed30
Event: 628.968 Thread 0x0000017952d00d70 DEOPT PACKING pc=0x00000179782ba5b4 sp=0x00000076e27fec30
Event: 628.968 Thread 0x0000017952d03950 DEOPT UNPACKING pc=0x0000017977d86642 sp=0x00000076e22fe190 mode 0
Event: 628.968 Thread 0x0000017952d00d70 DEOPT UNPACKING pc=0x0000017977d86642 sp=0x00000076e27fe090 mode 0
Event: 628.968 Thread 0x0000017952d03200 DEOPT PACKING pc=0x00000179782ba5b4 sp=0x00000076e2cfed70
Event: 628.968 Thread 0x0000017952d014c0 DEOPT PACKING pc=0x00000179782ba5b4 sp=0x00000076e2afeda0
Event: 628.968 Thread 0x0000017952d03200 DEOPT UNPACKING pc=0x0000017977d86642 sp=0x00000076e2cfe1d0 mode 0
Event: 628.968 Thread 0x0000017952d014c0 DEOPT UNPACKING pc=0x0000017977d86642 sp=0x00000076e2afe200 mode 0

Classes loaded (20 events):
Event: 628.974 Loading class java/util/AbstractMap$2
Event: 628.974 Loading class java/util/AbstractMap$2 done
Event: 628.975 Loading class java/util/AbstractMap$ValueIterator
Event: 628.975 Loading class java/util/AbstractMap$ValueIterator done
Event: 628.980 Loading class sun/security/ssl/Alert
Event: 628.981 Loading class sun/security/ssl/Alert done
Event: 628.982 Loading class sun/security/ssl/Alert$AlertConsumer
Event: 628.982 Loading class sun/security/ssl/Alert$AlertConsumer done
Event: 628.982 Loading class sun/security/ssl/Alert$Level
Event: 628.982 Loading class sun/security/ssl/Alert$Level done
Event: 628.983 Loading class sun/net/ConnectionResetException
Event: 628.983 Loading class sun/net/ConnectionResetException done
Event: 629.038 Loading class java/lang/ref/Finalizer$1
Event: 629.039 Loading class java/lang/ref/Finalizer$1 done
Event: 691.038 Loading class java/time/DurationEditor
Event: 691.038 Loading class java/time/DurationEditor done
Event: 871.838 Loading class java/math/BigDecimal$StringBuilderHelper
Event: 871.839 Loading class java/math/BigDecimal$StringBuilderHelper done
Event: 1338.533 Loading class java/time/DurationEditor
Event: 1338.533 Loading class java/time/DurationEditor done

Classes unloaded (20 events):
Event: 3299.133 Thread 0x000001794c0094b0 Unloading class 0x000001790c725c98 'com/example/crm/web/dto/ProductSubCategoryMapperImpl'
Event: 3299.133 Thread 0x000001794c0094b0 Unloading class 0x00000179544fa2b0 'com/example/crm/web/dto/ProductSubCategoryMapper'
Event: 3299.133 Thread 0x000001794c0094b0 Unloading class 0x000001790c725a48 'com/example/crm/web/dto/ProductMapperImpl'
Event: 3299.133 Thread 0x000001794c0094b0 Unloading class 0x00000179544f95a8 'com/example/crm/web/dto/ProductMapper'
Event: 3299.133 Thread 0x000001794c0094b0 Unloading class 0x000001790c725800 'com/example/crm/web/dto/ProductCategoryMapperImpl'
Event: 3299.133 Thread 0x000001794c0094b0 Unloading class 0x00000179544f8810 'com/example/crm/web/dto/ProductCategoryMapper'
Event: 3299.133 Thread 0x000001794c0094b0 Unloading class 0x000001790c74cc90 'com/example/crm/web/dto/CustomerMapperImpl'
Event: 3299.133 Thread 0x000001794c0094b0 Unloading class 0x00000179544f7b28 'com/example/crm/web/dto/CustomerMapper'
Event: 3299.133 Thread 0x000001794c0094b0 Unloading class 0x000001790c74ca48 'com/example/crm/web/dto/AddressMapperImpl'
Event: 3299.133 Thread 0x000001794c0094b0 Unloading class 0x00000179544f6e80 'com/example/crm/web/dto/AddressMapper'
Event: 3299.133 Thread 0x000001794c0094b0 Unloading class 0x000001790c74c800 'com/example/crm/web/CustomerController'
Event: 3299.133 Thread 0x000001794c0094b0 Unloading class 0x000001790c7914a0 'com/example/crm/web/AddressController'
Event: 3299.133 Thread 0x000001794c0094b0 Unloading class 0x000001790c791250 'com/example/crm/service/ProductSubCategoryService'
Event: 3299.133 Thread 0x000001794c0094b0 Unloading class 0x000001790c791000 'com/example/crm/service/ProductService'
Event: 3299.133 Thread 0x000001794c0094b0 Unloading class 0x000001790c792c98 'com/example/crm/service/ProductCategoryService'
Event: 3299.133 Thread 0x000001794c0094b0 Unloading class 0x000001790c792a50 'com/example/crm/service/CustomerService'
Event: 3299.133 Thread 0x000001794c0094b0 Unloading class 0x000001790c792800 'com/example/crm/service/AddressService'
Event: 3299.133 Thread 0x000001794c0094b0 Unloading class 0x000001790c941d60 'com/example/crm/exception/RestExceptionHandler'
Event: 3299.133 Thread 0x000001794c0094b0 Unloading class 0x000001790c941a18 'com/example/crm/config/WebConfig'
Event: 3299.133 Thread 0x000001794c0094b0 Unloading class 0x000001790c941800 'com/example/Application'

Classes redefined (0 events):
No events

Internal exceptions (20 events):
Event: 1343.942 Thread 0x0000017951d1e240 Exception <a 'java/lang/NoClassDefFoundError'{0x0000000709042b10}: org/springframework/session/jdbc/JdbcIndexedSessionRepository> (0x0000000709042b10) 
thrown [s\open\src\hotspot\share\oops\constantPool.cpp, line 1048]
Event: 1344.005 Thread 0x0000017951d1e240 Exception <a 'java/io/IOException'{0x0000000708bf29b8}> (0x0000000708bf29b8) 
thrown [s\open\src\hotspot\share\prims\jni.cpp, line 518]
Event: 1344.005 Thread 0x0000017951d1e240 Exception <a 'java/io/IOException'{0x0000000708bf30f8}> (0x0000000708bf30f8) 
thrown [s\open\src\hotspot\share\prims\jni.cpp, line 518]
Event: 1344.006 Thread 0x0000017951d1e240 Exception <a 'java/io/IOException'{0x0000000708bf3828}> (0x0000000708bf3828) 
thrown [s\open\src\hotspot\share\prims\jni.cpp, line 518]
Event: 1344.009 Thread 0x0000017951d1e240 Exception <a 'java/io/IOException'{0x0000000708bfb8d0}> (0x0000000708bfb8d0) 
thrown [s\open\src\hotspot\share\prims\jni.cpp, line 518]
Event: 1344.010 Thread 0x0000017951d1e240 Exception <a 'java/io/IOException'{0x0000000708bfc358}> (0x0000000708bfc358) 
thrown [s\open\src\hotspot\share\prims\jni.cpp, line 518]
Event: 1344.016 Thread 0x0000017951d1e240 Exception <a 'java/io/FileNotFoundException'{0x000000070882d9f0}> (0x000000070882d9f0) 
thrown [s\open\src\hotspot\share\prims\jni.cpp, line 518]
Event: 1344.048 Thread 0x0000017951d1e240 Exception <a 'java/io/FileNotFoundException'{0x00000007089f9b50}> (0x00000007089f9b50) 
thrown [s\open\src\hotspot\share\prims\jni.cpp, line 518]
Event: 1344.550 Thread 0x0000017951d1e240 Exception <a 'java/io/IOException'{0x000000070958a320}> (0x000000070958a320) 
thrown [s\open\src\hotspot\share\prims\jni.cpp, line 518]
Event: 1346.166 Thread 0x000001794c704850 Exception <a 'java/lang/IncompatibleClassChangeError'{0x00000007082e7dd0}: Found class java.lang.Object, but interface was expected> (0x00000007082e7dd0) 
thrown [s\open\src\hotspot\share\interpreter\linkResolver.cpp, line 872]
Event: 1346.170 Thread 0x000001794c704850 Exception <a 'java/lang/NoSuchMethodError'{0x00000007082fef60}: 'long java.lang.invoke.DelegatingMethodHandle$Holder.reinvoke_L(java.lang.Object, java.lang.Object)'> (0x00000007082fef60) 
thrown [s\open\src\hotspot\share\interpreter\linkResolver.cpp, line 805]
Event: 1346.171 Thread 0x000001794c704850 Exception <a 'java/lang/IncompatibleClassChangeError'{0x0000000708317aa8}: Found class java.lang.Object, but interface was expected> (0x0000000708317aa8) 
thrown [s\open\src\hotspot\share\interpreter\linkResolver.cpp, line 872]
Event: 1346.171 Thread 0x000001794c704850 Exception <a 'java/lang/IncompatibleClassChangeError'{0x0000000708318828}: Found class java.lang.Object, but interface was expected> (0x0000000708318828) 
thrown [s\open\src\hotspot\share\interpreter\linkResolver.cpp, line 872]
Event: 1346.172 Thread 0x000001794c704850 Exception <a 'java/lang/IncompatibleClassChangeError'{0x000000070831be60}: Found class java.lang.Object, but interface was expected> (0x000000070831be60) 
thrown [s\open\src\hotspot\share\interpreter\linkResolver.cpp, line 872]
Event: 2657.487 Thread 0x000001794c704fa0 Exception <a 'java/lang/NoSuchMethodError'{0x00000007095de8d0}: 'java.lang.Object java.lang.invoke.DelegatingMethodHandle$Holder.reinvoke_L(java.lang.Object, java.lang.Object, int, int, java.lang.Object, java.lang.Object)'> (0x00000007095de8d0) 
thrown [s\open\src\hotspot\share\interpreter\linkResolver.cpp, line 805]
Event: 6236.527 Thread 0x000001794c7023c0 Exception <a 'java/io/IOException'{0x000000070862b2f8}> (0x000000070862b2f8) 
thrown [s\open\src\hotspot\share\prims\jni.cpp, line 518]
Event: 6236.536 Thread 0x000001794c7023c0 Exception <a 'java/io/IOException'{0x000000070862c270}> (0x000000070862c270) 
thrown [s\open\src\hotspot\share\prims\jni.cpp, line 518]
Event: 6236.551 Thread 0x000001794c7023c0 Exception <a 'java/io/IOException'{0x0000000708636ed0}> (0x0000000708636ed0) 
thrown [s\open\src\hotspot\share\prims\jni.cpp, line 518]
Event: 6236.552 Thread 0x000001794c7023c0 Exception <a 'java/io/IOException'{0x0000000708637b38}> (0x0000000708637b38) 
thrown [s\open\src\hotspot\share\prims\jni.cpp, line 518]
Event: 6236.714 Thread 0x000001794c7039b0 Exception <a 'java/lang/InterruptedException'{0x0000000710779470}: sleep interrupted> (0x0000000710779470) 
thrown [s\open\src\hotspot\share\prims\jvm.cpp, line 2955]

VM Operations (20 events):
Event: 5482.702 Executing VM operation: G1CollectForAllocation (G1 Evacuation Pause) done
Event: 5482.741 Executing VM operation: G1PauseRemark
Event: 5482.747 Executing VM operation: G1PauseRemark done
Event: 5482.759 Executing VM operation: G1PauseCleanup
Event: 5482.759 Executing VM operation: G1PauseCleanup done
Event: 5603.353 Executing VM operation: G1CollectForAllocation (G1 Evacuation Pause)
Event: 5603.359 Executing VM operation: G1CollectForAllocation (G1 Evacuation Pause) done
Event: 5724.477 Executing VM operation: G1CollectForAllocation (G1 Evacuation Pause)
Event: 5724.489 Executing VM operation: G1CollectForAllocation (G1 Evacuation Pause) done
Event: 5912.712 Executing VM operation: G1CollectForAllocation (G1 Evacuation Pause)
Event: 5912.714 Executing VM operation: G1CollectForAllocation (G1 Evacuation Pause) done
Event: 5912.741 Executing VM operation: G1PauseRemark
Event: 5912.778 Executing VM operation: G1PauseRemark done
Event: 5912.788 Executing VM operation: G1PauseCleanup
Event: 5912.788 Executing VM operation: G1PauseCleanup done
Event: 6033.427 Executing VM operation: G1CollectForAllocation (G1 Evacuation Pause)
Event: 6033.428 Executing VM operation: G1CollectForAllocation (G1 Evacuation Pause) done
Event: 6154.375 Executing VM operation: G1CollectForAllocation (G1 Evacuation Pause)
Event: 6154.379 Executing VM operation: G1CollectForAllocation (G1 Evacuation Pause) done
Event: 6236.717 Executing VM operation: G1CollectFull (System.gc())

Memory protections (0 events):
No events

Nmethod flushes (20 events):
Event: 5912.777 Thread 0x000001794c0094b0 flushing  nmethod 0x0000017978bc8888
Event: 5912.777 Thread 0x000001794c0094b0 flushing  nmethod 0x0000017978bc8b88
Event: 5912.777 Thread 0x000001794c0094b0 flushing  nmethod 0x0000017978bea288
Event: 5912.777 Thread 0x000001794c0094b0 flushing  nmethod 0x0000017978bf5388
Event: 5912.777 Thread 0x000001794c0094b0 flushing  nmethod 0x0000017978c35388
Event: 5912.777 Thread 0x000001794c0094b0 flushing  nmethod 0x0000017978c40188
Event: 5912.777 Thread 0x000001794c0094b0 flushing  nmethod 0x0000017978c40488
Event: 5912.777 Thread 0x000001794c0094b0 flushing  nmethod 0x0000017978c40f08
Event: 5912.777 Thread 0x000001794c0094b0 flushing  nmethod 0x0000017978c41208
Event: 5912.777 Thread 0x000001794c0094b0 flushing  nmethod 0x0000017978c41508
Event: 5912.777 Thread 0x000001794c0094b0 flushing  nmethod 0x0000017978c41b08
Event: 5912.777 Thread 0x000001794c0094b0 flushing  nmethod 0x0000017978c43308
Event: 5912.777 Thread 0x000001794c0094b0 flushing  nmethod 0x0000017978c43a08
Event: 5912.777 Thread 0x000001794c0094b0 flushing  nmethod 0x0000017978c43d08
Event: 5912.777 Thread 0x000001794c0094b0 flushing  nmethod 0x0000017978c44708
Event: 5912.777 Thread 0x000001794c0094b0 flushing  nmethod 0x0000017978c44a08
Event: 5912.777 Thread 0x000001794c0094b0 flushing  nmethod 0x0000017978c44d88
Event: 5912.777 Thread 0x000001794c0094b0 flushing  nmethod 0x0000017978c45088
Event: 5912.777 Thread 0x000001794c0094b0 flushing  nmethod 0x0000017978c45388
Event: 5912.777 Thread 0x000001794c0094b0 flushing  nmethod 0x0000017978c45688

Events (20 events):
Event: 5343.300 Thread 0x000001794cd45bb0 Thread exited: 0x000001794cd45bb0
Event: 6236.076 Thread 0x000001794c704100 Thread added: 0x000001794c701520
Event: 6236.083 Thread 0x000001794c704100 Thread exited: 0x000001794c704100
Event: 6236.208 Thread 0x000001794c01f460 Thread added: 0x000001794cd45bb0
Event: 6236.331 Thread 0x0000017952d07b20 Thread exited: 0x0000017952d07b20
Event: 6236.334 Thread 0x0000017952d06530 Thread exited: 0x0000017952d06530
Event: 6236.339 Thread 0x0000017952d00d70 Thread exited: 0x0000017952d00d70
Event: 6236.339 Thread 0x0000017952d05690 Thread exited: 0x0000017952d05690
Event: 6236.339 Thread 0x0000017952d014c0 Thread exited: 0x0000017952d014c0
Event: 6236.339 Thread 0x000001794c705e40 Thread exited: 0x000001794c705e40
Event: 6236.339 Thread 0x000001794c704850 Thread exited: 0x000001794c704850
Event: 6236.339 Thread 0x000001794c702b10 Thread exited: 0x000001794c702b10
Event: 6236.340 Thread 0x000001794c706590 Thread exited: 0x000001794c706590
Event: 6236.340 Thread 0x000001794c704fa0 Thread exited: 0x000001794c704fa0
Event: 6236.340 Thread 0x000001794c7056f0 Thread exited: 0x000001794c7056f0
Event: 6236.340 Thread 0x0000017952d040a0 Thread exited: 0x0000017952d040a0
Event: 6236.461 Thread 0x000001794c701520 Thread added: 0x000001794c7023c0
Event: 6236.463 Thread 0x000001794c701c70 Thread exited: 0x000001794c701c70
Event: 6236.553 Thread 0x000001794c7023c0 Thread exited: 0x000001794c7023c0
Event: 6236.715 Thread 0x000001794c7039b0 Thread exited: 0x000001794c7039b0


Dynamic libraries:
0x00007ff721480000 - 0x00007ff721490000 	C:\Program Files\Java\jdk-24\bin\java.exe
0x00007ffa25440000 - 0x00007ffa256a5000 	C:\WINDOWS\SYSTEM32\ntdll.dll
0x00007ffa24500000 - 0x00007ffa245c9000 	C:\WINDOWS\System32\KERNEL32.DLL
0x00007ffa22c40000 - 0x00007ffa23028000 	C:\WINDOWS\System32\KERNELBASE.dll
0x00007ffa1eb80000 - 0x00007ffa1ec1e000 	C:\WINDOWS\SYSTEM32\apphelp.dll
0x00007ffa22970000 - 0x00007ffa22abb000 	C:\WINDOWS\System32\ucrtbase.dll
0x00007ff9fedf0000 - 0x00007ff9fee0b000 	C:\Program Files\Java\jdk-24\bin\VCRUNTIME140.dll
0x00007ffa066d0000 - 0x00007ffa066e6000 	C:\Program Files\Java\jdk-24\bin\jli.dll
0x00007ffa24210000 - 0x00007ffa243da000 	C:\WINDOWS\System32\USER32.dll
0x00007ff9fe400000 - 0x00007ff9fe69a000 	C:\WINDOWS\WinSxS\amd64_microsoft.windows.common-controls_6595b64144ccf1df_6.0.26100.4202_none_3e0698d4e335f517\COMCTL32.dll
0x00007ffa22800000 - 0x00007ffa22827000 	C:\WINDOWS\System32\win32u.dll
0x00007ffa24f80000 - 0x00007ffa25029000 	C:\WINDOWS\System32\msvcrt.dll
0x00007ffa24940000 - 0x00007ffa2496b000 	C:\WINDOWS\System32\GDI32.dll
0x00007ffa22560000 - 0x00007ffa22697000 	C:\WINDOWS\System32\gdi32full.dll
0x00007ffa22830000 - 0x00007ffa228d3000 	C:\WINDOWS\System32\msvcp_win.dll
0x00007ffa241d0000 - 0x00007ffa24200000 	C:\WINDOWS\System32\IMM32.DLL
0x00007ff9ffd50000 - 0x00007ff9ffd5c000 	C:\Program Files\Java\jdk-24\bin\vcruntime140_1.dll
0x00007ff9d9090000 - 0x00007ff9d911e000 	C:\Program Files\Java\jdk-24\bin\msvcp140.dll
0x00007ff9a90b0000 - 0x00007ff9a9e52000 	C:\Program Files\Java\jdk-24\bin\server\jvm.dll
0x00007ffa24880000 - 0x00007ffa24933000 	C:\WINDOWS\System32\ADVAPI32.dll
0x00007ffa25030000 - 0x00007ffa250d6000 	C:\WINDOWS\System32\sechost.dll
0x00007ffa249d0000 - 0x00007ffa24ae5000 	C:\WINDOWS\System32\RPCRT4.dll
0x00007ffa24480000 - 0x00007ffa244f4000 	C:\WINDOWS\System32\WS2_32.dll
0x00007ffa223b0000 - 0x00007ffa2240e000 	C:\WINDOWS\SYSTEM32\POWRPROF.dll
0x00007ffa15480000 - 0x00007ffa1548b000 	C:\WINDOWS\SYSTEM32\VERSION.dll
0x00007ffa16310000 - 0x00007ffa16345000 	C:\WINDOWS\SYSTEM32\WINMM.dll
0x00007ffa22390000 - 0x00007ffa223a4000 	C:\WINDOWS\SYSTEM32\UMPDC.dll
0x00007ffa211b0000 - 0x00007ffa211cb000 	C:\WINDOWS\SYSTEM32\kernel.appcore.dll
0x00007ff9ffcf0000 - 0x00007ff9ffcfa000 	C:\Program Files\Java\jdk-24\bin\jimage.dll
0x00007ffa1faa0000 - 0x00007ffa1fce1000 	C:\WINDOWS\SYSTEM32\DBGHELP.DLL
0x00007ffa23300000 - 0x00007ffa23685000 	C:\WINDOWS\System32\combase.dll
0x00007ffa240c0000 - 0x00007ffa241a1000 	C:\WINDOWS\System32\OLEAUT32.dll
0x00007ff9f34c0000 - 0x00007ff9f34f9000 	C:\WINDOWS\SYSTEM32\dbgcore.DLL
0x00007ffa22760000 - 0x00007ffa227f9000 	C:\WINDOWS\System32\bcryptPrimitives.dll
0x00007ff9fe9d0000 - 0x00007ff9fe9ee000 	C:\Program Files\Java\jdk-24\bin\java.dll
0x00007ffa245d0000 - 0x00007ffa2476e000 	C:\WINDOWS\System32\ole32.dll
0x00007ffa23880000 - 0x00007ffa23fc2000 	C:\WINDOWS\System32\SHELL32.dll
0x00007ffa22ac0000 - 0x00007ffa22c34000 	C:\WINDOWS\System32\wintypes.dll
0x00007ffa1fcf0000 - 0x00007ffa20548000 	C:\WINDOWS\SYSTEM32\windows.storage.dll
0x00007ffa24780000 - 0x00007ffa24871000 	C:\WINDOWS\System32\SHCORE.dll
0x00007ffa24050000 - 0x00007ffa240ba000 	C:\WINDOWS\System32\shlwapi.dll
0x00007ffa22470000 - 0x00007ffa2249f000 	C:\WINDOWS\SYSTEM32\profapi.dll
0x00007ff9ffb20000 - 0x00007ff9ffb30000 	C:\Program Files\Java\jdk-24\bin\net.dll
0x00007ffa21830000 - 0x00007ffa2189a000 	C:\WINDOWS\system32\mswsock.dll
0x00007ff9f98c0000 - 0x00007ff9f98d6000 	C:\Program Files\Java\jdk-24\bin\nio.dll
0x00007ff9f98a0000 - 0x00007ff9f98b7000 	C:\Program Files\Java\jdk-24\bin\zip.dll
0x00007ff9fec50000 - 0x00007ff9fec5a000 	C:\Program Files\Java\jdk-24\bin\management.dll
0x00007ff9fe9c0000 - 0x00007ff9fe9cb000 	C:\Program Files\Java\jdk-24\bin\management_ext.dll
0x00007ffa24470000 - 0x00007ffa24478000 	C:\WINDOWS\System32\PSAPI.DLL
0x00007ff9fe7d0000 - 0x00007ff9fe7de000 	C:\Program Files\Java\jdk-24\bin\sunmscapi.dll
0x00007ffa23030000 - 0x00007ffa231a7000 	C:\WINDOWS\System32\CRYPT32.dll
0x00007ffa21d60000 - 0x00007ffa21d90000 	C:\WINDOWS\SYSTEM32\ncrypt.dll
0x00007ffa21d10000 - 0x00007ffa21d4f000 	C:\WINDOWS\SYSTEM32\NTASN1.dll
0x00007ffa21c10000 - 0x00007ffa21c2b000 	C:\WINDOWS\SYSTEM32\CRYPTSP.dll
0x00007ffa21110000 - 0x00007ffa2114a000 	C:\WINDOWS\system32\rsaenh.dll
0x00007ffa218d0000 - 0x00007ffa218fb000 	C:\WINDOWS\SYSTEM32\USERENV.dll
0x00007ffa22440000 - 0x00007ffa22466000 	C:\WINDOWS\SYSTEM32\bcrypt.dll
0x00007ffa21a70000 - 0x00007ffa21a7c000 	C:\WINDOWS\SYSTEM32\CRYPTBASE.dll
0x00007ffa209b0000 - 0x00007ffa209e3000 	C:\WINDOWS\SYSTEM32\IPHLPAPI.DLL
0x00007ffa241c0000 - 0x00007ffa241ca000 	C:\WINDOWS\System32\NSI.dll
0x00007ff9fede0000 - 0x00007ff9fedf0000 	C:\Program Files\Java\jdk-24\bin\verify.dll
0x00007ffa20a40000 - 0x00007ffa20b67000 	C:\WINDOWS\SYSTEM32\DNSAPI.dll
0x00007ffa15550000 - 0x00007ffa1555b000 	C:\Windows\System32\rasadhlp.dll
0x00007ffa18c90000 - 0x00007ffa18d16000 	C:\WINDOWS\System32\fwpuclnt.dll
0x00007ff9fcd50000 - 0x00007ff9fcd59000 	C:\Program Files\Java\jdk-24\bin\extnet.dll
0x00007ff9fcd20000 - 0x00007ff9fcd28000 	C:\WINDOWS\system32\wshunix.dll

JVMTI agents: none

dbghelp: loaded successfully - version: 4.0.5 - missing functions: none
symbol engine: initialized successfully - sym options: 0x614 - pdb path: .;C:\Program Files\Java\jdk-24\bin;C:\WINDOWS\SYSTEM32;C:\WINDOWS\WinSxS\amd64_microsoft.windows.common-controls_6595b64144ccf1df_6.0.26100.4202_none_3e0698d4e335f517;C:\Program Files\Java\jdk-24\bin\server

VM Arguments:
jvm_args: -XX:TieredStopAtLevel=1 
java_command: com.example.Application
java_class_path (initial): D:\dev\learn\angular_java\angular-app\backend-java-springboot\target\classes;C:\Users\SamithaJayaweera\.m2\repository\ch\qos\logback\logback-classic\1.4.14\logback-classic-1.4.14.jar;C:\Users\SamithaJayaweera\.m2\repository\ch\qos\logback\logback-core\1.4.14\logback-core-1.4.14.jar;C:\Users\SamithaJayaweera\.m2\repository\org\apache\logging\log4j\log4j-to-slf4j\2.21.1\log4j-to-slf4j-2.21.1.jar;C:\Users\SamithaJayaweera\.m2\repository\org\apache\logging\log4j\log4j-api\2.21.1\log4j-api-2.21.1.jar;C:\Users\SamithaJayaweera\.m2\repository\org\slf4j\jul-to-slf4j\2.0.13\jul-to-slf4j-2.0.13.jar;C:\Users\SamithaJayaweera\.m2\repository\jakarta\annotation\jakarta.annotation-api\2.1.1\jakarta.annotation-api-2.1.1.jar;C:\Users\SamithaJayaweera\.m2\repository\org\yaml\snakeyaml\2.2\snakeyaml-2.2.jar;C:\Users\SamithaJayaweera\.m2\repository\com\fasterxml\jackson\core\jackson-databind\2.15.4\jackson-databind-2.15.4.jar;C:\Users\SamithaJayaweera\.m2\repository\com\fasterxml\jackson\core\jackson-annotations\2.15.4\jackson-annotations-2.15.4.jar;C:\Users\SamithaJayaweera\.m2\repository\com\fasterxml\jackson\core\jackson-core\2.15.4\jackson-core-2.15.4.jar;C:\Users\SamithaJayaweera\.m2\repository\com\fasterxml\jackson\datatype\jackson-datatype-jdk8\2.15.4\jackson-datatype-jdk8-2.15.4.jar;C:\Users\SamithaJayaweera\.m2\repository\com\fasterxml\jackson\datatype\jackson-datatype-jsr310\2.15.4\jackson-datatype-jsr310-2.15.4.jar;C:\Users\SamithaJayaweera\.m2\repository\com\fasterxml\jackson\module\jackson-module-parameter-names\2.15.4\jackson-module-parameter-names-2.15.4.jar;C:\Users\SamithaJayaweera\.m2\repository\org\apache\tomcat\embed\tomcat-embed-core\10.1.20\tomcat-embed-core-10.1.20.jar;C:\Users\SamithaJayaweera\.m2\repository\org\apache\tomcat\embed\tomcat-embed-websocket\10.1.20\tomcat-embed-websocket-10.1.20.jar;C:\Users\SamithaJayaweera\.m2\repository\org\springframework\spring-web\6.1.6\spring-web-6.1.6.jar;C:\Users\SamithaJayaweera\.m2\repository\org\springframework\spring-beans\6.1.6\spring-beans-6.1.6.jar;C:\Users\SamithaJayaweera\.m2\repository\io\micrometer\micrometer-observation\1.12.5\micrometer-observation-1.12.5.jar;C:\Users\SamithaJayaweera\.m2\repository\io\micrometer\micrometer-commons\1.12.5\micrometer-commons-1.12.5.jar;C:\Users\SamithaJayaweera\.m2\repository\org\springframework\spring-webmvc\6.1.6\spring-webmvc-6.1.6.jar;C:\Users\SamithaJayaweera\.m2\repository\org\springframework\spring-aop\6.1.6\spring-aop-6.1.6.jar;C:\Users\SamithaJayaweera\.m2\repository\org\springframework\spring-context\6.1.6\spring-context-6.1.6.jar;C:\Users\SamithaJayaweera\.m2\repository\org\springframework\spring-expression\6.1.6\spring-expression-6.1.6.jar;C:\Users\SamithaJayaweera\.m2\repository\org\slf4j\slf4j-api\2.0.13\slf4j-api-2.0.13.jar;C:\Users\SamithaJayaweera\.m2\repository\jakarta\xml\bind\jakarta.xml.bind-api\4.0.2\jakarta.xml.bind-api-4.0.2.jar;C:\Users\SamithaJayaweera\.m2\repository\jakarta\activation\jakarta.activation-api\2.1.3\jakarta.activation-api-2.1.3.jar;C:\Users\SamithaJayaweera\.m2\repository\net\bytebuddy\byte-buddy\1.14.13\byte-buddy-1.14.13.jar;C:\Users\SamithaJayaweera\.m2\repository\org\springframework\spring-core\6.1.6\spring-core-6.1.6.jar;C:\Users\SamithaJayaweera\.m2\repository\org\springframework\spring-jcl\6.1.6\spring-jcl-6.1.6.jar;C:\Users\SamithaJayaweera\.m2\repository\org\aspectj\aspectjweaver\1.9.22\aspectjweaver-1.9.22.jar;C:\Users\SamithaJayaweera\.m2\repository\com\zaxxer\HikariCP\5.0.1\HikariCP-5.0.1.jar;C:\Users\SamithaJayaweera\.m2\repository\org\springframework\spring-jdbc\6.1.6\spring-jdbc-6.1.6.jar;C:\Users\SamithaJayaweera\.m2\repository\org\hibernate\orm\hibernate-core\6.4.4.Final\hibernate-core-6.4.4.Final.jar;C:\Users\SamithaJayaweera\.m2\repository\jakarta\persistence\jakarta.persistence-api\3.1.0\jakarta.persistence-api-3.1.0.jar;C:\Users\SamithaJayaweera\.m2\repository\jakarta\transaction\jakarta.transaction-api\2.0.1\jakarta.transaction-api-2.0.1.jar;C:\Users\SamithaJayaweera\.m2\repository\org\jboss\logging\jboss-logging\3.5.3.Final\jboss-logging-3.5.3.Final.jar;C:\Users\SamithaJayaweera\.m2\repository\org\hibernate\common\hibernate-commons-annotations\6.0.6.Final\hibernate-commons-annotations-6.0.6.Final.jar;C:\Users\SamithaJayaweera\.m2\repository\io\smallrye\jandex\3.1.2\jandex-3.1.2.jar;C:\Users\SamithaJayaweera\.m2\repository\com\fasterxml\classmate\1.6.0\classmate-1.6.0.jar;C:\Users\SamithaJayaweera\.m2\repository\org\glassfish\jaxb\jaxb-runtime\4.0.5\jaxb-runtime-4.0.5.jar;C:\Users\SamithaJayaweera\.m2\repository\org\glassfish\jaxb\jaxb-core\4.0.5\jaxb-core-4.0.5.jar;C:\Users\SamithaJayaweera\.m2\repository\org\eclipse\angus\angus-activation\2.0.2\angus-activation-2.0.2.jar;C:\Users\SamithaJayaweera\.m2\repository\org\glassfish\jaxb\txw2\4.0.5\txw2-4.0.5.jar;C:\Users\SamithaJayaweera\.m2\repository\com\sun\istack\istack-commons-runtime\4.1.2\istack-commons-runtime-4.1.2.jar;C:\Users\SamithaJayaweera\.m2\repository\jakarta\inject\jakarta.inject-api\2.0.1\jakarta.inject-api-2.0.1.jar;C:\Users\SamithaJayaweera\.m2\repository\org\antlr\antlr4-runtime\4.13.0\antlr4-runtime-4.13.0.jar;C:\Users\SamithaJayaweera\.m2\repository\org\springframework\data\spring-data-jpa\3.2.5\spring-data-jpa-3.2.5.jar;C:\Users\SamithaJayaweera\.m2\repository\org\springframework\data\spring-data-commons\3.2.5\spring-data-commons-3.2.5.jar;C:\Users\SamithaJayaweera\.m2\repository\org\springframework\spring-orm\6.1.6\spring-orm-6.1.6.jar;C:\Users\SamithaJayaweera\.m2\repository\org\springframework\spring-tx\6.1.6\spring-tx-6.1.6.jar;C:\Users\SamithaJayaweera\.m2\repository\org\springframework\spring-aspects\6.1.6\spring-aspects-6.1.6.jar;C:\Users\SamithaJayaweera\.m2\repository\com\mysql\mysql-connector-j\8.3.0\mysql-connector-j-8.3.0.jar;C:\Users\SamithaJayaweera\.m2\repository\org\apache\tomcat\embed\tomcat-embed-el\10.1.20\tomcat-embed-el-10.1.20.jar;C:\Users\SamithaJayaweera\.m2\repository\org\hibernate\validator\hibernate-validator\8.0.1.Final\hibernate-validator-8.0.1.Final.jar;C:\Users\SamithaJayaweera\.m2\repository\jakarta\validation\jakarta.validation-api\3.0.2\jakarta.validation-api-3.0.2.jar;C:\Users\SamithaJayaweera\.m2\repository\org\flywaydb\flyway-mysql\9.22.3\flyway-mysql-9.22.3.jar;C:\Users\SamithaJayaweera\.m2\repository\org\flywaydb\flyway-core\9.22.3\flyway-core-9.22.3.jar;C:\Users\SamithaJayaweera\.m2\repository\com\fasterxml\jackson\dataformat\jackson-dataformat-toml\2.15.4\jackson-dataformat-toml-2.15.4.jar;C:\Users\SamithaJayaweera\.m2\repository\com\google\code\gson\gson\2.10.1\gson-2.10.1.jar;C:\Users\SamithaJayaweera\.m2\repository\org\springframework\boot\spring-boot-devtools\3.2.5\spring-boot-devtools-3.2.5.jar;C:\Users\SamithaJayaweera\.m2\repository\org\springframework\boot\spring-boot\3.2.5\spring-boot-3.2.5.jar;C:\Users\SamithaJayaweera\.m2\repository\org\springframework\boot\spring-boot-autoconfigure\3.2.5\spring-boot-autoconfigure-3.2.5.jar;C:\Users\SamithaJayaweera\.m2\repository\org\mapstruct\mapstruct\1.5.5.Final\mapstruct-1.5.5.Final.jar;C:\Users\SamithaJayaweera\.m2\repository\org\projectlombok\lombok\1.18.38\lombok-1.18.38.jar;C:\Users\SamithaJayaweera\.m2\repository\org\springdoc\springdoc-openapi-starter-webmvc-ui\2.3.0\springdoc-openapi-starter-webmvc-ui-2.3.0.jar;C:\Users\SamithaJayaweera\.m2\repository\org\springdoc\springdoc-openapi-starter-webmvc-api\2.3.0\springdoc-openapi-starter-webmvc-api-2.3.0.jar;C:\Users\SamithaJayaweera\.m2\repository\org\springdoc\springdoc-openapi-starter-common\2.3.0\springdoc-openapi-starter-common-2.3.0.jar;C:\Users\SamithaJayaweera\.m2\repository\io\swagger\core\v3\swagger-core-jakarta\2.2.19\swagger-core-jakarta-2.2.19.jar;C:\Users\SamithaJayaweera\.m2\repository\org\apache\commons\commons-lang3\3.13.0\commons-lang3-3.13.0.jar;C:\Users\SamithaJayaweera\.m2\repository\io\swagger\core\v3\swagger-annotations-jakarta\2.2.19\swagger-annotations-jakarta-2.2.19.jar;C:\Users\SamithaJayaweera\.m2\repository\io\swagger\core\v3\swagger-models-jakarta\2.2.19\swagger-models-jakarta-2.2.19.jar;C:\Users\SamithaJayaweera\.m2\repository\com\fasterxml\jackson\dataformat\jackson-dataformat-yaml\2.15.4\jackson-dataformat-yaml-2.15.4.jar;C:\Users\SamithaJayaweera\.m2\repository\org\webjars\swagger-ui\5.10.3\swagger-ui-5.10.3.jar
Launcher Type: SUN_STANDARD

[Global flags]
     intx CICompilerCount                          = 4                                         {product} {ergonomic}
     uint ConcGCThreads                            = 2                                         {product} {ergonomic}
     uint G1ConcRefinementThreads                  = 8                                         {product} {ergonomic}
   size_t G1HeapRegionSize                         = 2097152                                   {product} {ergonomic}
   size_t InitialHeapSize                          = 264241152                                 {product} {ergonomic}
   size_t MarkStackSize                            = 4194304                                   {product} {ergonomic}
   size_t MarkStackSizeMax                         = 536870912                                 {product} {ergonomic}
   size_t MaxHeapSize                              = 4213178368                                {product} {ergonomic}
   size_t MaxNewSize                               = 2527068160                                {product} {ergonomic}
   size_t MinHeapDeltaBytes                        = 2097152                                   {product} {ergonomic}
   size_t MinHeapSize                              = 8388608                                   {product} {ergonomic}
    uintx NonNMethodCodeHeapSize                   = 4096                                   {pd product} {ergonomic}
    uintx NonProfiledCodeHeapSize                  = 0                                      {pd product} {ergonomic}
     bool ProfileInterpreter                       = false                                  {pd product} {command line}
    uintx ProfiledCodeHeapSize                     = 0                                      {pd product} {ergonomic}
   size_t SoftMaxHeapSize                          = 4213178368                             {manageable} {ergonomic}
     intx TieredStopAtLevel                        = 1                                         {product} {command line}
     bool UseCompressedOops                        = true                           {product lp64_product} {ergonomic}
     bool UseG1GC                                  = true                                      {product} {ergonomic}
     bool UseLargePagesIndividualAllocation        = false                                  {pd product} {ergonomic}

Logging:
Log output configuration:
 #0: stdout all=warning uptime,level,tags foldmultilines=false
 #1: stderr all=off uptime,level,tags foldmultilines=false

Environment Variables:
JAVA_HOME=C:/Program Files/Java/jdk-24
PATH=C:\Users\SamithaJayaweera\bin;C:\Users\SamithaJayaweera\AppData\Local\Programs\Git\mingw64\bin;C:\Users\SamithaJayaweera\AppData\Local\Programs\Git\usr\local\bin;C:\Users\SamithaJayaweera\AppData\Local\Programs\Git\usr\bin;C:\Users\SamithaJayaweera\AppData\Local\Programs\Git\usr\bin;C:\Users\SamithaJayaweera\AppData\Local\Programs\Git\mingw64\bin;C:\Users\SamithaJayaweera\AppData\Local\Programs\Git\usr\bin;C:\Users\SamithaJayaweera\bin;C:\Program Files\Common Files\Oracle\Java\javapath;C:\Program Files (x86)\Common Files\Oracle\Java\java8path;C:\Program Files (x86)\Common Files\Oracle\Java\javapath;C:\WINDOWS\system32;C:\WINDOWS;C:\WINDOWS\System32\Wbem;C:\WINDOWS\System32\WindowsPowerShell\v1.0;C:\WINDOWS\System32\OpenSSH;C:\Program Files\dotnet;C:\Program Files\Docker\Docker\resources\bin;C:\Program Files\PowerShell\7;C:\Program Files (x86)\Microsoft SQL Server\160\Tools\Binn;C:\Program Files\Microsoft SQL Server\160\Tools\Binn;C:\Program Files\Microsoft SQL Server\Client SDK\ODBC\170\Tools\Binn;C:\Program Files\Microsoft SQL Server\160\DTS\Binn;C:\Program Files\nodejs;C:\WINDOWS\Microsoft.NET\Framework\v4.0.30319;C:\Program Files (x86)\Appeon\PowerBuilder 22.0;C:\Program Files (x86)\Appeon\PowerBuilderUtilities 22.0;C:\ProgramData\chocolatey\bin;C:\ProgramData\chocolatey\lib\maven\apache-maven-3.9.10\bin;C:\Program Files\MySQL\MySQL Shell 8.0\bin;C:\Program Files\Java\jdk-24\bin;C:\Users\SamithaJayaweera\AppData\Local\micromamba;C:\Users\SamithaJayaweera\AppData\Local\Programs\Python\Launcher;C:\Users\SamithaJayaweera\AppData\Local\Microsoft\WindowsApps;C:\Users\SamithaJayaweera\AppData\Local\Programs\cursor\resources\app\bin;C:\Users\SamithaJayaweera\AppData\Local\Programs\Git\cmd;C:\Users\SamithaJayaweera\AppData\Local\Programs\Microsoft VS Code\bin;C:\Users\SamithaJayaweera\AppData\Roaming\npm;C:\Users\SamithaJayaweera\.dotnet\tools;C:\Users\SamithaJayaweera\AppData\Local\Programs\Git\usr\bin\vendor_perl;C:\Users\SamithaJayaweera\AppData\Local\Programs\Git\usr\bin\core_perl
USERNAME=SamithaJayaweera
SHELL=C:\Users\SamithaJayaweera\AppData\Local\Programs\Git\usr\bin\bash.exe
DISPLAY=needs-to-be-defined
LANG=en_US.UTF-8
TERM=xterm-256color
TMPDIR=C:\Users\SAMITH~1\AppData\Local\Temp
OS=Windows_NT
PROCESSOR_IDENTIFIER=Intel64 Family 6 Model 140 Stepping 1, GenuineIntel
TMP=C:\Users\SAMITH~1\AppData\Local\Temp
TEMP=C:\Users\SAMITH~1\AppData\Local\Temp




Periodic native trim disabled

---------------  S Y S T E M  ---------------

OS:
 Windows 11 , 64 bit Build 26100 (10.0.26100.4202)
OS uptime: 0 days 5:19 hours
Hyper-V role detected

CPU: total 8 (initial active 8) (4 cores per cpu, 2 threads per core) family 6 model 140 stepping 1 microcode 0xba, cx8, cmov, fxsr, ht, mmx, 3dnowpref, sse, sse2, sse3, ssse3, sse4.1, sse4.2, popcnt, lzcnt, tsc, tscinvbit, avx, avx2, aes, erms, clmul, bmi1, bmi2, adx, avx512f, avx512dq, avx512cd, avx512bw, avx512vl, sha, fma, vzeroupper, avx512_vpopcntdq, avx512_vpclmulqdq, avx512_vaes, avx512_vnni, clflush, clflushopt, clwb, avx512_vbmi2, avx512_vbmi, hv, rdtscp, rdpid, fsrm, gfni, avx512_bitalg, f16c, cet_ibt, cet_ss, avx512_ifma
Processor Information for the first 8 processors :
  Max Mhz: 2419, Current Mhz: 2419, Mhz Limit: 2419

Memory: 4k page, system-wide physical 16064M (831M free)
TotalPageFile size 44486M (AvailPageFile size 9M)
current process WorkingSet (physical memory assigned to process): 166M, peak: 301M
current process commit charge ("private bytes"): 321M, peak: 377M

vm_info: Java HotSpot(TM) 64-Bit Server VM (24.0.1+9-30) for windows-amd64 JRE (24.0.1+9-30), built on 2025-03-05T07:23:45Z with MS VC++ 17.6 (VS2022)

END.
